<?xml version="1.0" encoding="UTF-8"?>
<testng-results ignored="0" total="1" passed="1" failed="0" skipped="0">
  <reporter-output>
  </reporter-output>
  <suite started-at="2021-10-30T07:07:13 PDT" name="Suite" finished-at="2021-10-30T07:07:50 PDT" duration-ms="37035">
    <groups>
    </groups>
    <test started-at="2021-10-30T07:07:13 PDT" name="Test" finished-at="2021-10-30T07:07:50 PDT" duration-ms="37035">
      <class name="testpackage.CompaniesTest">
        <test-method is-config="true" signature="setup()[pri:0, instance:testpackage.CompaniesTest@7a69b07]" started-at="2021-10-30T07:07:13 PDT" name="setup" finished-at="2021-10-30T07:07:26 PDT" duration-ms="12348" status="PASS">
          <reporter-output>
          </reporter-output>
        </test-method> <!-- setup -->
        <test-method signature="createnewcompany()[pri:0, instance:testpackage.CompaniesTest@7a69b07]" started-at="2021-10-30T07:07:26 PDT" name="createnewcompany" finished-at="2021-10-30T07:07:50 PDT" duration-ms="24629" status="PASS">
          <reporter-output>
          </reporter-output>
        </test-method> <!-- createnewcompany -->
      </class> <!-- testpackage.CompaniesTest -->
    </test> <!-- Test -->
  </suite> <!-- Suite -->
</testng-results>
